#
# There is insufficient memory for the Java Runtime Environment to continue.
# Native memory allocation (mmap) failed to map 41943040 bytes. Error detail: G1 virtual space
# Possible reasons:
#   The system is out of physical RAM or swap space
#   This process is running with CompressedOops enabled, and the Java Heap may be blocking the growth of the native heap
# Possible solutions:
#   Reduce memory load on the system
#   Increase physical memory or swap space
#   Check if swap backing store is full
#   Decrease Java heap size (-Xmx/-Xms)
#   Decrease number of Java threads
#   Decrease Java thread stack sizes (-Xss)
#   Set larger code cache with -XX:ReservedCodeCacheSize=
#   JVM is running with Unscaled Compressed Oops mode in which the Java heap is
#     placed in the first 4GB address space. The Java Heap base address is the
#     maximum limit for the native heap growth. Please use -XX:HeapBaseMinAddress
#     to set the Java Heap base and to place the Java Heap above 4GB virtual address.
# This output file may be truncated or incomplete.
#
#  Out of Memory Error (os_windows.cpp:3925), pid=29896, tid=27480
#
# JRE version: OpenJDK Runtime Environment (21.0.9) (build 21.0.9+-14649483-b1163.86)
# Java VM: OpenJDK 64-Bit Server VM (21.0.9+-14649483-b1163.86, mixed mode, tiered, compressed oops, compressed class ptrs, g1 gc, windows-amd64)
# No core dump will be written. Minidumps are not enabled by default on client versions of Windows
#

---------------  S U M M A R Y ------------

Command Line: --add-opens=java.base/java.lang=ALL-UNNAMED --add-opens=java.base/java.lang.invoke=ALL-UNNAMED --add-opens=java.base/java.util=ALL-UNNAMED --add-opens=java.prefs/java.util.prefs=ALL-UNNAMED --add-exports=jdk.compiler/com.sun.tools.javac.api=ALL-UNNAMED --add-exports=jdk.compiler/com.sun.tools.javac.util=ALL-UNNAMED --add-opens=java.base/java.util=ALL-UNNAMED --add-opens=java.prefs/java.util.prefs=ALL-UNNAMED --add-opens=java.base/java.nio.charset=ALL-UNNAMED --add-opens=java.base/java.net=ALL-UNNAMED --add-opens=java.base/java.util.concurrent=ALL-UNNAMED --add-opens=java.base/java.util.concurrent.atomic=ALL-UNNAMED --add-opens=java.xml/javax.xml.namespace=ALL-UNNAMED --add-opens=java.base/java.time=ALL-UNNAMED -Xmx2048m -Dfile.encoding=UTF-8 -Duser.country=IN -Duser.language=en -Duser.variant -javaagent:C:\Users\RohiT\.gradle\wrapper\dists\gradle-9.2.1-bin\2t0n5ozlw9xmuyvbp7dnzaxug\gradle-9.2.1\lib\agents\gradle-instrumentation-agent-9.2.1.jar org.gradle.launcher.daemon.bootstrap.GradleDaemon 9.2.1

Host: AMD Ryzen 7 4800H with Radeon Graphics         , 16 cores, 7G,  Windows 11 , 64 bit Build 26100 (10.0.26100.8246)
Time: Sat May  2 22:13:41 2026 India Standard Time elapsed time: 49.183333 seconds (0d 0h 0m 49s)

---------------  T H R E A D  ---------------

Current thread (0x0000024a2b378070):  VMThread "VM Thread"          [id=27480, stack(0x000000e58bd00000,0x000000e58be00000) (1024K)]

Stack: [0x000000e58bd00000,0x000000e58be00000]
Native frames: (J=compiled Java code, j=interpreted, Vv=VM code, C=native code)
V  [jvm.dll+0x6d6c99]
V  [jvm.dll+0x866b83]
V  [jvm.dll+0x86919e]
V  [jvm.dll+0x869883]
V  [jvm.dll+0x280776]
V  [jvm.dll+0x6d3555]
V  [jvm.dll+0x6c6bea]
V  [jvm.dll+0x3587fb]
V  [jvm.dll+0x360476]
V  [jvm.dll+0x3b2646]
V  [jvm.dll+0x3b2918]
V  [jvm.dll+0x32af0c]
V  [jvm.dll+0x32af97]
V  [jvm.dll+0x370e7c]
V  [jvm.dll+0x36f62e]
V  [jvm.dll+0x32a661]
V  [jvm.dll+0x36ed30]
V  [jvm.dll+0x86f608]
V  [jvm.dll+0x870984]
V  [jvm.dll+0x870ec0]
V  [jvm.dll+0x871153]
V  [jvm.dll+0x80f118]
V  [jvm.dll+0x6d54ed]
C  [ucrtbase.dll+0x37b0]
C  [KERNEL32.DLL+0x2e8d7]
C  [ntdll.dll+0x8c3fc]

VM_Operation (0x000000e58ddf7310): G1CollectForAllocation, mode: safepoint, requested by thread 0x0000024a320271f0


---------------  P R O C E S S  ---------------

Threads class SMR info:
_java_thread_list=0x0000024a33b46e20, length=58, elements={
0x0000024a12f6e370, 0x0000024a2b3a5c60, 0x0000024a2b3cc760, 0x0000024a2b3cd1c0,
0x0000024a2b3eb960, 0x0000024a2b3ec3c0, 0x0000024a2b3f4e30, 0x0000024a2b3f78a0,
0x0000024a2b3fdb80, 0x0000024a2b40e630, 0x0000024a2b72cf50, 0x0000024a31ac1d00,
0x0000024a31cea530, 0x0000024a31c9cd00, 0x0000024a31d95890, 0x0000024a31c9db80,
0x0000024a31cdea80, 0x0000024a320271f0, 0x0000024a32024a90, 0x0000024a32026b60,
0x0000024a32025e40, 0x0000024a32027f10, 0x0000024a32025120, 0x0000024a320264d0,
0x0000024a3227f4b0, 0x0000024a3227fb40, 0x0000024a3227d3e0, 0x0000024a3227da70,
0x0000024a3227e100, 0x0000024a3227cd50, 0x0000024a32280860, 0x0000024a32280ef0,
0x0000024a32283650, 0x0000024a32283ce0, 0x0000024a30baf8a0, 0x0000024a30bf7f40,
0x0000024a322822a0, 0x0000024a32282fc0, 0x0000024a34475500, 0x0000024a34476220,
0x0000024a344747e0, 0x0000024a34475b90, 0x0000024a34474e70, 0x0000024a34474150,
0x0000024a344775d0, 0x0000024a344768b0, 0x0000024a34476f40, 0x0000024a34478980,
0x0000024a3447a3c0, 0x0000024a344782f0, 0x0000024a34479010, 0x0000024a344796a0,
0x0000024a34479d30, 0x0000024a3447aa50, 0x0000024a3447b0e0, 0x0000024a34477c60,
0x0000024a3447b770, 0x0000024a342b07c0
}

Java Threads: ( => current thread )
  0x0000024a12f6e370 JavaThread "main"                              [_thread_blocked, id=25952, stack(0x000000e58b600000,0x000000e58b700000) (1024K)]
  0x0000024a2b3a5c60 JavaThread "Common-Cleaner"             daemon [_thread_blocked, id=22712, stack(0x000000e58be00000,0x000000e58bf00000) (1024K)]
  0x0000024a2b3cc760 JavaThread "Reference Handler"          daemon [_thread_blocked, id=31760, stack(0x000000e58bf00000,0x000000e58c000000) (1024K)]
  0x0000024a2b3cd1c0 JavaThread "Finalizer"                  daemon [_thread_blocked, id=10264, stack(0x000000e58c000000,0x000000e58c100000) (1024K)]
  0x0000024a2b3eb960 JavaThread "Signal Dispatcher"          daemon [_thread_blocked, id=31112, stack(0x000000e58c100000,0x000000e58c200000) (1024K)]
  0x0000024a2b3ec3c0 JavaThread "Attach Listener"            daemon [_thread_blocked, id=7492, stack(0x000000e58c200000,0x000000e58c300000) (1024K)]
  0x0000024a2b3f4e30 JavaThread "Service Thread"             daemon [_thread_blocked, id=32120, stack(0x000000e58c300000,0x000000e58c400000) (1024K)]
  0x0000024a2b3f78a0 JavaThread "Monitor Deflation Thread"   daemon [_thread_blocked, id=17652, stack(0x000000e58c400000,0x000000e58c500000) (1024K)]
  0x0000024a2b3fdb80 JavaThread "C2 CompilerThread0"         daemon [_thread_blocked, id=28940, stack(0x000000e58c500000,0x000000e58c600000) (1024K)]
  0x0000024a2b40e630 JavaThread "C1 CompilerThread0"         daemon [_thread_blocked, id=12672, stack(0x000000e58c600000,0x000000e58c700000) (1024K)]
  0x0000024a2b72cf50 JavaThread "Notification Thread"        daemon [_thread_blocked, id=26248, stack(0x000000e58c800000,0x000000e58c900000) (1024K)]
  0x0000024a31ac1d00 JavaThread "Daemon health stats"               [_thread_blocked, id=6616, stack(0x000000e58ce00000,0x000000e58cf00000) (1024K)]
  0x0000024a31cea530 JavaThread "Incoming local TCP Connector on port 52765"        [_thread_in_native, id=7940, stack(0x000000e58d400000,0x000000e58d500000) (1024K)]
  0x0000024a31c9cd00 JavaThread "Daemon periodic checks"            [_thread_blocked, id=32004, stack(0x000000e58d500000,0x000000e58d600000) (1024K)]
  0x0000024a31d95890 JavaThread "Daemon"                            [_thread_blocked, id=31236, stack(0x000000e58cd00000,0x000000e58ce00000) (1024K)]
  0x0000024a31c9db80 JavaThread "Handler for socket connection from /127.0.0.1:52765 to /127.0.0.1:52768"        [_thread_in_native, id=24064, stack(0x000000e58cf00000,0x000000e58d000000) (1024K)]
  0x0000024a31cdea80 JavaThread "Cancel handler"                    [_thread_blocked, id=21808, stack(0x000000e58dc00000,0x000000e58dd00000) (1024K)]
  0x0000024a320271f0 JavaThread "Daemon worker"                     [_thread_blocked, id=23060, stack(0x000000e58dd00000,0x000000e58de00000) (1024K)]
  0x0000024a32024a90 JavaThread "Asynchronous log dispatcher for DefaultDaemonConnection: socket connection from /127.0.0.1:52765 to /127.0.0.1:52768"        [_thread_blocked, id=27112, stack(0x000000e58de00000,0x000000e58df00000) (1024K)]
  0x0000024a32026b60 JavaThread "Stdin handler"                     [_thread_blocked, id=25708, stack(0x000000e58df00000,0x000000e58e000000) (1024K)]
  0x0000024a32025e40 JavaThread "Daemon client event forwarder"        [_thread_blocked, id=30964, stack(0x000000e58e000000,0x000000e58e100000) (1024K)]
  0x0000024a32027f10 JavaThread "Cache worker for journal cache (C:\Users\RohiT\.gradle\caches\journal-1)"        [_thread_blocked, id=21676, stack(0x000000e58e100000,0x000000e58e200000) (1024K)]
  0x0000024a32025120 JavaThread "File lock request listener"        [_thread_in_native, id=31796, stack(0x000000e58e200000,0x000000e58e300000) (1024K)]
  0x0000024a320264d0 JavaThread "Cache worker for file hash cache (C:\Users\RohiT\.gradle\caches\9.2.1\fileHashes)"        [_thread_blocked, id=14168, stack(0x000000e58e300000,0x000000e58e400000) (1024K)]
  0x0000024a3227f4b0 JavaThread "Cache worker for file hash cache (C:\Users\RohiT\AndroidStudioProjects\HalliSanthe2\.gradle\9.2.1\fileHashes)"        [_thread_blocked, id=15012, stack(0x000000e58e400000,0x000000e58e500000) (1024K)]
  0x0000024a3227fb40 JavaThread "Cache worker for Build Output Cleanup Cache (C:\Users\RohiT\AndroidStudioProjects\HalliSanthe2\.gradle\buildOutputCleanup)"        [_thread_blocked, id=25696, stack(0x000000e58e500000,0x000000e58e600000) (1024K)]
  0x0000024a3227d3e0 JavaThread "File watcher server"        daemon [_thread_in_native, id=25644, stack(0x000000e58e600000,0x000000e58e700000) (1024K)]
  0x0000024a3227da70 JavaThread "File watcher consumer"      daemon [_thread_blocked, id=28976, stack(0x000000e58e700000,0x000000e58e800000) (1024K)]
  0x0000024a3227e100 JavaThread "Cache worker for checksums cache (C:\Users\RohiT\AndroidStudioProjects\HalliSanthe2\.gradle\9.2.1\checksums)"        [_thread_blocked, id=30592, stack(0x000000e58e800000,0x000000e58e900000) (1024K)]
  0x0000024a3227cd50 JavaThread "Cache worker for file content cache (C:\Users\RohiT\.gradle\caches\9.2.1\fileContent)"        [_thread_blocked, id=26196, stack(0x000000e58e900000,0x000000e58ea00000) (1024K)]
  0x0000024a32280860 JavaThread "Cache worker for cache directory md-supplier (C:\Users\RohiT\.gradle\caches\9.2.1\md-supplier)"        [_thread_blocked, id=19724, stack(0x000000e58ea00000,0x000000e58eb00000) (1024K)]
  0x0000024a32280ef0 JavaThread "Cache worker for cache directory md-rule (C:\Users\RohiT\.gradle\caches\9.2.1\md-rule)"        [_thread_blocked, id=25744, stack(0x000000e58eb00000,0x000000e58ec00000) (1024K)]
  0x0000024a32283650 JavaThread "jar transforms"                    [_thread_blocked, id=17612, stack(0x000000e58c700000,0x000000e58c800000) (1024K)]
  0x0000024a32283ce0 JavaThread "jar transforms Thread 2"           [_thread_blocked, id=8804, stack(0x000000e58ec00000,0x000000e58ed00000) (1024K)]
  0x0000024a30baf8a0 JavaThread "C1 CompilerThread1"         daemon [_thread_blocked, id=32324, stack(0x000000e58ed00000,0x000000e58ee00000) (1024K)]
  0x0000024a30bf7f40 JavaThread "C1 CompilerThread2"         daemon [_thread_blocked, id=17224, stack(0x000000e58ee00000,0x000000e58ef00000) (1024K)]
  0x0000024a322822a0 JavaThread "jar transforms Thread 3"           [_thread_blocked, id=6912, stack(0x000000e58ef00000,0x000000e58f000000) (1024K)]
  0x0000024a32282fc0 JavaThread "Unconstrained build operations"        [_thread_blocked, id=16152, stack(0x000000e58f000000,0x000000e58f100000) (1024K)]
  0x0000024a34475500 JavaThread "Unconstrained build operations Thread 2"        [_thread_blocked, id=27816, stack(0x000000e58f100000,0x000000e58f200000) (1024K)]
  0x0000024a34476220 JavaThread "Unconstrained build operations Thread 3"        [_thread_blocked, id=11252, stack(0x000000e58f200000,0x000000e58f300000) (1024K)]
  0x0000024a344747e0 JavaThread "Unconstrained build operations Thread 4"        [_thread_blocked, id=8784, stack(0x000000e58f300000,0x000000e58f400000) (1024K)]
  0x0000024a34475b90 JavaThread "Unconstrained build operations Thread 5"        [_thread_blocked, id=21952, stack(0x000000e58f400000,0x000000e58f500000) (1024K)]
  0x0000024a34474e70 JavaThread "Unconstrained build operations Thread 6"        [_thread_blocked, id=25984, stack(0x000000e58f500000,0x000000e58f600000) (1024K)]
  0x0000024a34474150 JavaThread "Unconstrained build operations Thread 7"        [_thread_blocked, id=11188, stack(0x000000e58f600000,0x000000e58f700000) (1024K)]
  0x0000024a344775d0 JavaThread "Unconstrained build operations Thread 8"        [_thread_blocked, id=20156, stack(0x000000e58f700000,0x000000e58f800000) (1024K)]
  0x0000024a344768b0 JavaThread "Unconstrained build operations Thread 9"        [_thread_blocked, id=12612, stack(0x000000e58f800000,0x000000e58f900000) (1024K)]
  0x0000024a34476f40 JavaThread "Unconstrained build operations Thread 10"        [_thread_blocked, id=5908, stack(0x000000e58f900000,0x000000e58fa00000) (1024K)]
  0x0000024a34478980 JavaThread "Unconstrained build operations Thread 11"        [_thread_blocked, id=29876, stack(0x000000e58fa00000,0x000000e58fb00000) (1024K)]
  0x0000024a3447a3c0 JavaThread "Unconstrained build operations Thread 12"        [_thread_blocked, id=31828, stack(0x000000e58fb00000,0x000000e58fc00000) (1024K)]
  0x0000024a344782f0 JavaThread "Unconstrained build operations Thread 13"        [_thread_blocked, id=4072, stack(0x000000e58fc00000,0x000000e58fd00000) (1024K)]
  0x0000024a34479010 JavaThread "Unconstrained build operations Thread 14"        [_thread_blocked, id=30308, stack(0x000000e58fd00000,0x000000e58fe00000) (1024K)]
  0x0000024a344796a0 JavaThread "Unconstrained build operations Thread 15"        [_thread_blocked, id=28732, stack(0x000000e58fe00000,0x000000e58ff00000) (1024K)]
  0x0000024a34479d30 JavaThread "Unconstrained build operations Thread 16"        [_thread_blocked, id=11768, stack(0x000000e58ff00000,0x000000e590000000) (1024K)]
  0x0000024a3447aa50 JavaThread "Unconstrained build operations Thread 17"        [_thread_blocked, id=4496, stack(0x000000e590000000,0x000000e590100000) (1024K)]
  0x0000024a3447b0e0 JavaThread "Unconstrained build operations Thread 18"        [_thread_blocked, id=25864, stack(0x000000e590100000,0x000000e590200000) (1024K)]
  0x0000024a34477c60 JavaThread "Unconstrained build operations Thread 19"        [_thread_blocked, id=10972, stack(0x000000e590200000,0x000000e590300000) (1024K)]
  0x0000024a3447b770 JavaThread "Unconstrained build operations Thread 20"        [_thread_blocked, id=31084, stack(0x000000e590300000,0x000000e590400000) (1024K)]
  0x0000024a342b07c0 JavaThread "jar transforms Thread 4"           [_thread_blocked, id=19772, stack(0x000000e590400000,0x000000e590500000) (1024K)]
Total: 58

Other Threads:
=>0x0000024a2b378070 VMThread "VM Thread"                           [id=27480, stack(0x000000e58bd00000,0x000000e58be00000) (1024K)]
  0x0000024a2b1c5c10 WatcherThread "VM Periodic Task Thread"        [id=20316, stack(0x000000e58bc00000,0x000000e58bd00000) (1024K)]
  0x0000024a12fc5e30 WorkerThread "GC Thread#0"                     [id=31188, stack(0x000000e58b700000,0x000000e58b800000) (1024K)]
  0x0000024a2bb1f1f0 WorkerThread "GC Thread#1"                     [id=20176, stack(0x000000e58c900000,0x000000e58ca00000) (1024K)]
  0x0000024a2b9e58e0 WorkerThread "GC Thread#2"                     [id=6976, stack(0x000000e58ca00000,0x000000e58cb00000) (1024K)]
  0x0000024a302907d0 WorkerThread "GC Thread#3"                     [id=31484, stack(0x000000e58cb00000,0x000000e58cc00000) (1024K)]
  0x0000024a2b9dccc0 WorkerThread "GC Thread#4"                     [id=29152, stack(0x000000e58cc00000,0x000000e58cd00000) (1024K)]
  0x0000024a30de1380 WorkerThread "GC Thread#5"                     [id=5264, stack(0x000000e58d000000,0x000000e58d100000) (1024K)]
  0x0000024a30de1720 WorkerThread "GC Thread#6"                     [id=11652, stack(0x000000e58d100000,0x000000e58d200000) (1024K)]
  0x0000024a30de1ac0 WorkerThread "GC Thread#7"                     [id=7488, stack(0x000000e58d200000,0x000000e58d300000) (1024K)]
  0x0000024a30c9c420 WorkerThread "GC Thread#8"                     [id=25136, stack(0x000000e58d300000,0x000000e58d400000) (1024K)]
  0x0000024a306d4d30 WorkerThread "GC Thread#9"                     [id=17252, stack(0x000000e58d600000,0x000000e58d700000) (1024K)]
  0x0000024a306d5f50 WorkerThread "GC Thread#10"                    [id=30748, stack(0x000000e58d700000,0x000000e58d800000) (1024K)]
  0x0000024a306d5470 WorkerThread "GC Thread#11"                    [id=32292, stack(0x000000e58d800000,0x000000e58d900000) (1024K)]
  0x0000024a306d6690 WorkerThread "GC Thread#12"                    [id=27656, stack(0x000000e58d900000,0x000000e58da00000) (1024K)]
  0x0000024a12fd6d20 ConcurrentGCThread "G1 Main Marker"            [id=31216, stack(0x000000e58b800000,0x000000e58b900000) (1024K)]
  0x0000024a12fd8d80 WorkerThread "G1 Conc#0"                       [id=30224, stack(0x000000e58b900000,0x000000e58ba00000) (1024K)]
  0x0000024a306d5810 WorkerThread "G1 Conc#1"                       [id=5148, stack(0x000000e58da00000,0x000000e58db00000) (1024K)]
  0x0000024a306d5bb0 WorkerThread "G1 Conc#2"                       [id=24016, stack(0x000000e58db00000,0x000000e58dc00000) (1024K)]
  0x0000024a2b091520 ConcurrentGCThread "G1 Refine#0"               [id=22812, stack(0x000000e58ba00000,0x000000e58bb00000) (1024K)]
  0x0000024a2b092e50 ConcurrentGCThread "G1 Service"                [id=5216, stack(0x000000e58bb00000,0x000000e58bc00000) (1024K)]
Total: 21

Threads with active compile tasks:
C2 CompilerThread0  49294 7131       4       org.gradle.internal.classpath.types.ExternalPluginsInstrumentationTypeRegistry::computeAndCacheInstrumentedSuperTypes (39 bytes)
Total: 1

VM state: at safepoint (normal execution)

VM Mutex/Monitor currently owned by a thread:  ([mutex/lock_event])
[0x00007ff8e23f8690] Threads_lock - owner thread: 0x0000024a2b378070
[0x00007ff8e23f8790] Heap_lock - owner thread: 0x0000024a320271f0

Heap address: 0x0000000080000000, size: 2048 MB, Compressed Oops mode: 32-bit

CDS archive(s) not mapped
Compressed class space mapped at: 0x0000000100000000-0x0000000140000000, reserved size: 1073741824
Narrow klass base: 0x0000000000000000, Narrow klass shift: 3, Narrow klass range: 0x140000000

GC Precious Log:
 CardTable entry size: 512
 Card Set container configuration: InlinePtr #cards 5 size 8 Array Of Cards #cards 12 size 40 Howl #buckets 4 coarsen threshold 1843 Howl Bitmap #cards 512 size 80 coarsen threshold 460 Card regions per heap region 1 cards per card region 2048
 CPUs: 16 total, 16 available
 Memory: 7597M
 Large Page Support: Disabled
 NUMA Support: Disabled
 Compressed Oops: Enabled (32-bit)
 Heap Region Size: 1M
 Heap Min Capacity: 8M
 Heap Initial Capacity: 120M
 Heap Max Capacity: 2G
 Pre-touch: Disabled
 Parallel Workers: 13
 Concurrent Workers: 3
 Concurrent Refinement Workers: 13
 Periodic GC: Disabled

Heap:
 garbage-first heap   total 124928K, used 69692K [0x0000000080000000, 0x0000000100000000)
  region size 1024K, 2 young (2048K), 2 survivors (2048K)
 Metaspace       used 63949K, committed 65472K, reserved 1114112K
  class space    used 9007K, committed 9728K, reserved 1048576K

Heap Regions: E=young(eden), S=young(survivor), O=old, HS=humongous(starts), HC=humongous(continues), CS=collection set, F=free, TAMS=top-at-mark-start, PB=parsable bottom
|   0|0x0000000080000000, 0x0000000080100000, 0x0000000080100000|100%|HS|  |TAMS 0x0000000080000000| PB 0x0000000080000000| Complete 
|   1|0x0000000080100000, 0x0000000080200000, 0x0000000080200000|100%|HC|  |TAMS 0x0000000080100000| PB 0x0000000080100000| Complete 
|   2|0x0000000080200000, 0x0000000080300000, 0x0000000080300000|100%|HC|  |TAMS 0x0000000080200000| PB 0x0000000080200000| Complete 
|   3|0x0000000080300000, 0x0000000080400000, 0x0000000080400000|100%|HC|  |TAMS 0x0000000080300000| PB 0x0000000080300000| Complete 
|   4|0x0000000080400000, 0x0000000080500000, 0x0000000080500000|100%| O|  |TAMS 0x0000000080400000| PB 0x0000000080400000| Untracked 
|   5|0x0000000080500000, 0x0000000080600000, 0x0000000080600000|100%| O|  |TAMS 0x0000000080500000| PB 0x0000000080500000| Untracked 
|   6|0x0000000080600000, 0x0000000080700000, 0x0000000080700000|100%| O|  |TAMS 0x0000000080600000| PB 0x0000000080600000| Untracked 
|   7|0x0000000080700000, 0x0000000080800000, 0x0000000080800000|100%|HS|  |TAMS 0x0000000080700000| PB 0x0000000080700000| Complete 
|   8|0x0000000080800000, 0x0000000080900000, 0x0000000080900000|100%| O|  |TAMS 0x0000000080800000| PB 0x0000000080800000| Untracked 
|   9|0x0000000080900000, 0x0000000080a00000, 0x0000000080a00000|100%| O|  |TAMS 0x0000000080900000| PB 0x0000000080900000| Untracked 
|  10|0x0000000080a00000, 0x0000000080b00000, 0x0000000080b00000|100%| O|  |TAMS 0x0000000080a00000| PB 0x0000000080a00000| Untracked 
|  11|0x0000000080b00000, 0x0000000080c00000, 0x0000000080c00000|100%| O|  |TAMS 0x0000000080b00000| PB 0x0000000080b00000| Untracked 
|  12|0x0000000080c00000, 0x0000000080d00000, 0x0000000080d00000|100%| O|  |TAMS 0x0000000080c00000| PB 0x0000000080c00000| Untracked 
|  13|0x0000000080d00000, 0x0000000080e00000, 0x0000000080e00000|100%| O|  |TAMS 0x0000000080d00000| PB 0x0000000080d00000| Untracked 
|  14|0x0000000080e00000, 0x0000000080f00000, 0x0000000080f00000|100%| O|  |TAMS 0x0000000080e00000| PB 0x0000000080e00000| Untracked 
|  15|0x0000000080f00000, 0x0000000081000000, 0x0000000081000000|100%| O|  |TAMS 0x0000000080f00000| PB 0x0000000080f00000| Untracked 
|  16|0x0000000081000000, 0x0000000081100000, 0x0000000081100000|100%| O|  |TAMS 0x0000000081000000| PB 0x0000000081000000| Untracked 
|  17|0x0000000081100000, 0x0000000081200000, 0x0000000081200000|100%| O|  |TAMS 0x0000000081100000| PB 0x0000000081100000| Untracked 
|  18|0x0000000081200000, 0x0000000081300000, 0x0000000081300000|100%| O|  |TAMS 0x0000000081200000| PB 0x0000000081200000| Untracked 
|  19|0x0000000081300000, 0x0000000081400000, 0x0000000081400000|100%| O|  |TAMS 0x0000000081300000| PB 0x0000000081300000| Untracked 
|  20|0x0000000081400000, 0x0000000081500000, 0x0000000081500000|100%| O|  |TAMS 0x0000000081400000| PB 0x0000000081400000| Untracked 
|  21|0x0000000081500000, 0x0000000081600000, 0x0000000081600000|100%| O|  |TAMS 0x0000000081500000| PB 0x0000000081500000| Untracked 
|  22|0x0000000081600000, 0x0000000081700000, 0x0000000081700000|100%| O|  |TAMS 0x0000000081600000| PB 0x0000000081600000| Untracked 
|  23|0x0000000081700000, 0x0000000081800000, 0x0000000081800000|100%| O|  |TAMS 0x0000000081700000| PB 0x0000000081700000| Untracked 
|  24|0x0000000081800000, 0x0000000081900000, 0x0000000081900000|100%| O|  |TAMS 0x0000000081800000| PB 0x0000000081800000| Untracked 
|  25|0x0000000081900000, 0x0000000081a00000, 0x0000000081a00000|100%| O|  |TAMS 0x0000000081900000| PB 0x0000000081900000| Untracked 
|  26|0x0000000081a00000, 0x0000000081b00000, 0x0000000081b00000|100%| O|  |TAMS 0x0000000081a00000| PB 0x0000000081a00000| Untracked 
|  27|0x0000000081b00000, 0x0000000081c00000, 0x0000000081c00000|100%| O|Cm|TAMS 0x0000000081b00000| PB 0x0000000081b00000| Complete 
|  28|0x0000000081c00000, 0x0000000081d00000, 0x0000000081d00000|100%| O|  |TAMS 0x0000000081c00000| PB 0x0000000081c00000| Untracked 
|  29|0x0000000081d00000, 0x0000000081e00000, 0x0000000081e00000|100%| O|  |TAMS 0x0000000081d00000| PB 0x0000000081d00000| Untracked 
|  30|0x0000000081e00000, 0x0000000081f00000, 0x0000000081f00000|100%| O|Cm|TAMS 0x0000000081e00000| PB 0x0000000081e00000| Complete 
|  31|0x0000000081f00000, 0x0000000082000000, 0x0000000082000000|100%| O|  |TAMS 0x0000000081f00000| PB 0x0000000081f00000| Untracked 
|  32|0x0000000082000000, 0x0000000082100000, 0x0000000082100000|100%| O|  |TAMS 0x0000000082000000| PB 0x0000000082000000| Untracked 
|  33|0x0000000082100000, 0x0000000082200000, 0x0000000082200000|100%| O|  |TAMS 0x0000000082100000| PB 0x0000000082100000| Untracked 
|  34|0x0000000082200000, 0x0000000082300000, 0x0000000082300000|100%| O|  |TAMS 0x0000000082200000| PB 0x0000000082200000| Untracked 
|  35|0x0000000082300000, 0x0000000082400000, 0x0000000082400000|100%| O|  |TAMS 0x0000000082300000| PB 0x0000000082300000| Untracked 
|  36|0x0000000082400000, 0x0000000082500000, 0x0000000082500000|100%| O|  |TAMS 0x0000000082400000| PB 0x0000000082400000| Untracked 
|  37|0x0000000082500000, 0x0000000082600000, 0x0000000082600000|100%| O|  |TAMS 0x0000000082500000| PB 0x0000000082500000| Untracked 
|  38|0x0000000082600000, 0x0000000082700000, 0x0000000082700000|100%| O|  |TAMS 0x0000000082600000| PB 0x0000000082600000| Untracked 
|  39|0x0000000082700000, 0x0000000082800000, 0x0000000082800000|100%| O|  |TAMS 0x0000000082700000| PB 0x0000000082700000| Untracked 
|  40|0x0000000082800000, 0x0000000082900000, 0x0000000082900000|100%| O|  |TAMS 0x0000000082800000| PB 0x0000000082800000| Untracked 
|  41|0x0000000082900000, 0x0000000082a00000, 0x0000000082a00000|100%| O|  |TAMS 0x0000000082900000| PB 0x0000000082900000| Untracked 
|  42|0x0000000082a00000, 0x0000000082b00000, 0x0000000082b00000|100%| O|  |TAMS 0x0000000082a00000| PB 0x0000000082a00000| Untracked 
|  43|0x0000000082b00000, 0x0000000082c00000, 0x0000000082c00000|100%| O|  |TAMS 0x0000000082b00000| PB 0x0000000082b00000| Untracked 
|  44|0x0000000082c00000, 0x0000000082d00000, 0x0000000082d00000|100%| O|  |TAMS 0x0000000082c00000| PB 0x0000000082c00000| Untracked 
|  45|0x0000000082d00000, 0x0000000082e00000, 0x0000000082e00000|100%| O|  |TAMS 0x0000000082d00000| PB 0x0000000082d00000| Untracked 
|  46|0x0000000082e00000, 0x0000000082f00000, 0x0000000082f00000|100%| O|  |TAMS 0x0000000082e00000| PB 0x0000000082e00000| Untracked 
|  47|0x0000000082f00000, 0x0000000083000000, 0x0000000083000000|100%| O|  |TAMS 0x0000000082f00000| PB 0x0000000082f00000| Untracked 
|  48|0x0000000083000000, 0x0000000083100000, 0x0000000083100000|100%| O|  |TAMS 0x0000000083000000| PB 0x0000000083000000| Untracked 
|  49|0x0000000083100000, 0x0000000083200000, 0x0000000083200000|100%| O|  |TAMS 0x0000000083100000| PB 0x0000000083100000| Untracked 
|  50|0x0000000083200000, 0x0000000083300000, 0x0000000083300000|100%| O|  |TAMS 0x0000000083200000| PB 0x0000000083200000| Untracked 
|  51|0x0000000083300000, 0x0000000083400000, 0x0000000083400000|100%| O|  |TAMS 0x0000000083300000| PB 0x0000000083300000| Untracked 
|  52|0x0000000083400000, 0x0000000083500000, 0x0000000083500000|100%| O|  |TAMS 0x0000000083400000| PB 0x0000000083400000| Untracked 
|  53|0x0000000083500000, 0x0000000083600000, 0x0000000083600000|100%| O|  |TAMS 0x0000000083500000| PB 0x0000000083500000| Untracked 
|  54|0x0000000083600000, 0x0000000083700000, 0x0000000083700000|100%| O|  |TAMS 0x0000000083600000| PB 0x0000000083600000| Untracked 
|  55|0x0000000083700000, 0x0000000083800000, 0x0000000083800000|100%| O|  |TAMS 0x0000000083700000| PB 0x0000000083700000| Untracked 
|  56|0x0000000083800000, 0x0000000083900000, 0x0000000083900000|100%| O|  |TAMS 0x0000000083800000| PB 0x0000000083800000| Untracked 
|  57|0x0000000083900000, 0x0000000083a00000, 0x0000000083a00000|100%| O|  |TAMS 0x0000000083900000| PB 0x0000000083900000| Untracked 
|  58|0x0000000083a00000, 0x0000000083b00000, 0x0000000083b00000|100%| O|  |TAMS 0x0000000083a00000| PB 0x0000000083a00000| Untracked 
|  59|0x0000000083b00000, 0x0000000083c00000, 0x0000000083c00000|100%|HS|  |TAMS 0x0000000083b00000| PB 0x0000000083b00000| Complete 
|  60|0x0000000083c00000, 0x0000000083d00000, 0x0000000083d00000|100%|HC|  |TAMS 0x0000000083c00000| PB 0x0000000083c00000| Complete 
|  61|0x0000000083d00000, 0x0000000083e00000, 0x0000000083e00000|100%| O|  |TAMS 0x0000000083d00000| PB 0x0000000083d00000| Untracked 
|  62|0x0000000083e00000, 0x0000000083f00000, 0x0000000083f00000|100%| O|  |TAMS 0x0000000083e00000| PB 0x0000000083e00000| Untracked 
|  63|0x0000000083f00000, 0x0000000084000000, 0x0000000084000000|100%| O|  |TAMS 0x0000000083f00000| PB 0x0000000083f00000| Untracked 
|  64|0x0000000084000000, 0x0000000084100000, 0x0000000084100000|100%| O|  |TAMS 0x0000000084000000| PB 0x0000000084000000| Untracked 
|  65|0x0000000084100000, 0x000000008410f288, 0x0000000084200000|  5%| O|  |TAMS 0x0000000084100000| PB 0x0000000084100000| Untracked 
|  66|0x0000000084200000, 0x0000000084200000, 0x0000000084300000|  0%| F|  |TAMS 0x0000000084200000| PB 0x0000000084200000| Untracked 
|  67|0x0000000084300000, 0x0000000084300000, 0x0000000084400000|  0%| F|  |TAMS 0x0000000084300000| PB 0x0000000084300000| Untracked 
|  68|0x0000000084400000, 0x0000000084400000, 0x0000000084500000|  0%| F|  |TAMS 0x0000000084400000| PB 0x0000000084400000| Untracked 
|  69|0x0000000084500000, 0x0000000084500000, 0x0000000084600000|  0%| F|  |TAMS 0x0000000084500000| PB 0x0000000084500000| Untracked 
|  70|0x0000000084600000, 0x0000000084600000, 0x0000000084700000|  0%| F|  |TAMS 0x0000000084600000| PB 0x0000000084600000| Untracked 
|  71|0x0000000084700000, 0x0000000084700000, 0x0000000084800000|  0%| F|  |TAMS 0x0000000084700000| PB 0x0000000084700000| Untracked 
|  72|0x0000000084800000, 0x0000000084800000, 0x0000000084900000|  0%| F|  |TAMS 0x0000000084800000| PB 0x0000000084800000| Untracked 
|  73|0x0000000084900000, 0x0000000084900000, 0x0000000084a00000|  0%| F|  |TAMS 0x0000000084900000| PB 0x0000000084900000| Untracked 
|  74|0x0000000084a00000, 0x0000000084a00000, 0x0000000084b00000|  0%| F|  |TAMS 0x0000000084a00000| PB 0x0000000084a00000| Untracked 
|  75|0x0000000084b00000, 0x0000000084b00000, 0x0000000084c00000|  0%| F|  |TAMS 0x0000000084b00000| PB 0x0000000084b00000| Untracked 
|  76|0x0000000084c00000, 0x0000000084c00000, 0x0000000084d00000|  0%| F|  |TAMS 0x0000000084c00000| PB 0x0000000084c00000| Untracked 
|  77|0x0000000084d00000, 0x0000000084d00000, 0x0000000084e00000|  0%| F|  |TAMS 0x0000000084d00000| PB 0x0000000084d00000| Untracked 
|  78|0x0000000084e00000, 0x0000000084e00000, 0x0000000084f00000|  0%| F|  |TAMS 0x0000000084e00000| PB 0x0000000084e00000| Untracked 
|  79|0x0000000084f00000, 0x0000000084f00000, 0x0000000085000000|  0%| F|  |TAMS 0x0000000084f00000| PB 0x0000000084f00000| Untracked 
|  80|0x0000000085000000, 0x0000000085000000, 0x0000000085100000|  0%| F|  |TAMS 0x0000000085000000| PB 0x0000000085000000| Untracked 
|  81|0x0000000085100000, 0x0000000085100000, 0x0000000085200000|  0%| F|  |TAMS 0x0000000085100000| PB 0x0000000085100000| Untracked 
|  82|0x0000000085200000, 0x0000000085200000, 0x0000000085300000|  0%| F|  |TAMS 0x0000000085200000| PB 0x0000000085200000| Untracked 
|  83|0x0000000085300000, 0x0000000085300000, 0x0000000085400000|  0%| F|  |TAMS 0x0000000085300000| PB 0x0000000085300000| Untracked 
|  84|0x0000000085400000, 0x0000000085400000, 0x0000000085500000|  0%| F|  |TAMS 0x0000000085400000| PB 0x0000000085400000| Untracked 
|  85|0x0000000085500000, 0x0000000085500000, 0x0000000085600000|  0%| F|  |TAMS 0x0000000085500000| PB 0x0000000085500000| Untracked 
|  86|0x0000000085600000, 0x0000000085600000, 0x0000000085700000|  0%| F|  |TAMS 0x0000000085600000| PB 0x0000000085600000| Untracked 
|  87|0x0000000085700000, 0x0000000085700000, 0x0000000085800000|  0%| F|  |TAMS 0x0000000085700000| PB 0x0000000085700000| Untracked 
|  88|0x0000000085800000, 0x0000000085800000, 0x0000000085900000|  0%| F|  |TAMS 0x0000000085800000| PB 0x0000000085800000| Untracked 
|  89|0x0000000085900000, 0x0000000085900000, 0x0000000085a00000|  0%| F|  |TAMS 0x0000000085900000| PB 0x0000000085900000| Untracked 
|  90|0x0000000085a00000, 0x0000000085a00000, 0x0000000085b00000|  0%| F|  |TAMS 0x0000000085a00000| PB 0x0000000085a00000| Untracked 
|  91|0x0000000085b00000, 0x0000000085b00000, 0x0000000085c00000|  0%| F|  |TAMS 0x0000000085b00000| PB 0x0000000085b00000| Untracked 
|  92|0x0000000085c00000, 0x0000000085c00000, 0x0000000085d00000|  0%| F|  |TAMS 0x0000000085c00000| PB 0x0000000085c00000| Untracked 
|  93|0x0000000085d00000, 0x0000000085e00000, 0x0000000085e00000|100%| S|CS|TAMS 0x0000000085d00000| PB 0x0000000085d00000| Complete 
|  94|0x0000000085e00000, 0x0000000085f00000, 0x0000000085f00000|100%| S|CS|TAMS 0x0000000085e00000| PB 0x0000000085e00000| Complete 
|  95|0x0000000085f00000, 0x0000000085f00000, 0x0000000086000000|  0%| F|  |TAMS 0x0000000085f00000| PB 0x0000000085f00000| Untracked 
|  96|0x0000000086000000, 0x0000000086000000, 0x0000000086100000|  0%| F|  |TAMS 0x0000000086000000| PB 0x0000000086000000| Untracked 
|  97|0x0000000086100000, 0x0000000086100000, 0x0000000086200000|  0%| F|  |TAMS 0x0000000086100000| PB 0x0000000086100000| Untracked 
|  98|0x0000000086200000, 0x0000000086200000, 0x0000000086300000|  0%| F|  |TAMS 0x0000000086200000| PB 0x0000000086200000| Untracked 
|  99|0x0000000086300000, 0x0000000086300000, 0x0000000086400000|  0%| F|  |TAMS 0x0000000086300000| PB 0x0000000086300000| Untracked 
| 100|0x0000000086400000, 0x0000000086400000, 0x0000000086500000|  0%| F|  |TAMS 0x0000000086400000| PB 0x0000000086400000| Untracked 
| 101|0x0000000086500000, 0x0000000086500000, 0x0000000086600000|  0%| F|  |TAMS 0x0000000086500000| PB 0x0000000086500000| Untracked 
| 102|0x0000000086600000, 0x0000000086600000, 0x0000000086700000|  0%| F|  |TAMS 0x0000000086600000| PB 0x0000000086600000| Untracked 
| 103|0x0000000086700000, 0x0000000086700000, 0x0000000086800000|  0%| F|  |TAMS 0x0000000086700000| PB 0x0000000086700000| Untracked 
| 104|0x0000000086800000, 0x0000000086800000, 0x0000000086900000|  0%| F|  |TAMS 0x0000000086800000| PB 0x0000000086800000| Untracked 
| 105|0x0000000086900000, 0x0000000086900000, 0x0000000086a00000|  0%| F|  |TAMS 0x0000000086900000| PB 0x0000000086900000| Untracked 
| 106|0x0000000086a00000, 0x0000000086a00000, 0x0000000086b00000|  0%| F|  |TAMS 0x0000000086a00000| PB 0x0000000086a00000| Untracked 
| 107|0x0000000086b00000, 0x0000000086b00000, 0x0000000086c00000|  0%| F|  |TAMS 0x0000000086b00000| PB 0x0000000086b00000| Untracked 
| 108|0x0000000086c00000, 0x0000000086c00000, 0x0000000086d00000|  0%| F|  |TAMS 0x0000000086c00000| PB 0x0000000086c00000| Untracked 
| 109|0x0000000086d00000, 0x0000000086d00000, 0x0000000086e00000|  0%| F|  |TAMS 0x0000000086d00000| PB 0x0000000086d00000| Untracked 
| 110|0x0000000086e00000, 0x0000000086e00000, 0x0000000086f00000|  0%| F|  |TAMS 0x0000000086e00000| PB 0x0000000086e00000| Untracked 
| 111|0x0000000086f00000, 0x0000000086f00000, 0x0000000087000000|  0%| F|  |TAMS 0x0000000086f00000| PB 0x0000000086f00000| Untracked 
| 112|0x0000000087000000, 0x0000000087000000, 0x0000000087100000|  0%| F|  |TAMS 0x0000000087000000| PB 0x0000000087000000| Untracked 
| 113|0x0000000087100000, 0x0000000087100000, 0x0000000087200000|  0%| F|  |TAMS 0x0000000087100000| PB 0x0000000087100000| Untracked 
| 114|0x0000000087200000, 0x0000000087200000, 0x0000000087300000|  0%| F|  |TAMS 0x0000000087200000| PB 0x0000000087200000| Untracked 
| 115|0x0000000087300000, 0x0000000087300000, 0x0000000087400000|  0%| F|  |TAMS 0x0000000087300000| PB 0x0000000087300000| Untracked 
| 116|0x0000000087400000, 0x0000000087400000, 0x0000000087500000|  0%| F|  |TAMS 0x0000000087400000| PB 0x0000000087400000| Untracked 
| 117|0x0000000087500000, 0x0000000087500000, 0x0000000087600000|  0%| F|  |TAMS 0x0000000087500000| PB 0x0000000087500000| Untracked 
| 118|0x0000000087600000, 0x0000000087600000, 0x0000000087700000|  0%| F|  |TAMS 0x0000000087600000| PB 0x0000000087600000| Untracked 
| 119|0x0000000087700000, 0x0000000087700000, 0x0000000087800000|  0%| F|  |TAMS 0x0000000087700000| PB 0x0000000087700000| Untracked 
|2046|0x00000000ffe00000, 0x00000000fff00000, 0x00000000fff00000|100%| O|Cm|TAMS 0x00000000ffe00000| PB 0x00000000ffe00000| Complete 
|2047|0x00000000fff00000, 0x00000000fff00000, 0x0000000100000000|  0%| F|  |TAMS 0x00000000fff00000| PB 0x00000000fff00000| Untracked 

Card table byte_map: [0x0000024a25d50000,0x0000024a26150000] _byte_map_base: 0x0000024a25950000

Marking Bits: (CMBitMap*) 0x0000024a12fc6440
 Bits: [0x0000024a26150000, 0x0000024a28150000)

Polling page: 0x0000024a10b00000

Metaspace:

Usage:
  Non-class:     53.65 MB used.
      Class:      8.80 MB used.
       Both:     62.45 MB used.

Virtual space:
  Non-class space:       64.00 MB reserved,      54.44 MB ( 85%) committed,  1 nodes.
      Class space:        1.00 GB reserved,       9.50 MB ( <1%) committed,  1 nodes.
             Both:        1.06 GB reserved,      63.94 MB (  6%) committed. 

Chunk freelists:
   Non-Class:  9.14 MB
       Class:  6.45 MB
        Both:  15.59 MB

MaxMetaspaceSize: unlimited
CompressedClassSpaceSize: 1.00 GB
Initial GC threshold: 21.00 MB
Current GC threshold: 105.62 MB
CDS: off
 - commit_granule_bytes: 65536.
 - commit_granule_words: 8192.
 - virtual_space_node_default_size: 8388608.
 - enlarge_chunks_in_place: 1.
 - use_allocation_guard: 0.


Internal statistics:

num_allocs_failed_limit: 6.
num_arena_births: 2918.
num_arena_deaths: 2.
num_vsnodes_births: 2.
num_vsnodes_deaths: 0.
num_space_committed: 1023.
num_space_uncommitted: 0.
num_chunks_returned_to_freelist: 9.
num_chunks_taken_from_freelist: 5467.
num_chunk_merges: 6.
num_chunk_splits: 3569.
num_chunks_enlarged: 2237.
num_inconsistent_stats: 0.

CodeHeap 'non-profiled nmethods': size=119168Kb used=2992Kb max_used=3534Kb free=116175Kb
 bounds [0x0000024a1dc70000, 0x0000024a1dff0000, 0x0000024a250d0000]
CodeHeap 'profiled nmethods': size=119104Kb used=11398Kb max_used=11858Kb free=107705Kb
 bounds [0x0000024a160d0000, 0x0000024a16c70000, 0x0000024a1d520000]
CodeHeap 'non-nmethods': size=7488Kb used=2994Kb max_used=3045Kb free=4493Kb
 bounds [0x0000024a1d520000, 0x0000024a1d8b0000, 0x0000024a1dc70000]
CodeCache: size=245760Kb, used=17384Kb, max_used=18437Kb, free=228373Kb
 total_blobs=7126, nmethods=6364, adapters=664, full_count=0
Compilation: enabled, stopped_count=0, restarted_count=0

Compilation events (20 events):
Event: 46.901 Thread 0x0000024a2b40e630 7588       3       org.codehaus.groovy.reflection.ClassInfo$GlobalClassSet::add (9 bytes)
Event: 46.901 Thread 0x0000024a30baf8a0 nmethod 7587 0x0000024a162c6b90 code [0x0000024a162c6d20, 0x0000024a162c6e18]
Event: 46.901 Thread 0x0000024a30baf8a0 7589       3       org.codehaus.groovy.util.ManagedConcurrentLinkedQueue::add (20 bytes)
Event: 46.901 Thread 0x0000024a2b40e630 nmethod 7588 0x0000024a162c2810 code [0x0000024a162c29c0, 0x0000024a162c2b18]
Event: 46.902 Thread 0x0000024a30bf7f40 nmethod 7584 0x0000024a16690390 code [0x0000024a16690660, 0x0000024a16691800]
Event: 46.902 Thread 0x0000024a30baf8a0 nmethod 7589 0x0000024a16515710 code [0x0000024a165158e0, 0x0000024a16515c70]
Event: 46.903 Thread 0x0000024a30baf8a0 7590   !   3       sun.reflect.misc.ReflectUtil::isPackageAccessible (12 bytes)
Event: 46.904 Thread 0x0000024a30baf8a0 nmethod 7590 0x0000024a16515210 code [0x0000024a165153c0, 0x0000024a16515600]
Event: 46.924 Thread 0x0000024a30bf7f40 7600   !   2       jdk.internal.loader.Resource::getBytes (244 bytes)
Event: 46.926 Thread 0x0000024a30bf7f40 nmethod 7600 0x0000024a169efd10 code [0x0000024a169effa0, 0x0000024a169f09f0]
Event: 46.926 Thread 0x0000024a30bf7f40 7601       3       java.lang.invoke.InvokerBytecodeGenerator::emitLoadInsn (21 bytes)
Event: 46.927 Thread 0x0000024a30bf7f40 nmethod 7601 0x0000024a1668fe10 code [0x0000024a1668ffe0, 0x0000024a16690230]
Event: 46.955 Thread 0x0000024a30bf7f40 7602       3       java.lang.invoke.InvokerBytecodeGenerator::loadInsnOpcode (98 bytes)
Event: 46.956 Thread 0x0000024a30bf7f40 nmethod 7602 0x0000024a169eee10 code [0x0000024a169ef080, 0x0000024a169ef9c0]
Event: 46.958 Thread 0x0000024a30bf7f40 7603       3       jdk.internal.org.objectweb.asm.Frame::push (59 bytes)
Event: 46.959 Thread 0x0000024a30bf7f40 nmethod 7603 0x0000024a16a07c10 code [0x0000024a16a07e60, 0x0000024a16a085f0]
Event: 46.960 Thread 0x0000024a30bf7f40 7605       3       jdk.internal.org.objectweb.asm.Type::getArgumentsAndReturnSizes (140 bytes)
Event: 46.961 Thread 0x0000024a30baf8a0 7606       3       jdk.internal.org.objectweb.asm.Frame::pop (53 bytes)
Event: 46.962 Thread 0x0000024a30baf8a0 nmethod 7606 0x0000024a16a06f10 code [0x0000024a16a07160, 0x0000024a16a078b8]
Event: 46.964 Thread 0x0000024a30bf7f40 nmethod 7605 0x0000024a1651f210 code [0x0000024a1651f5e0, 0x0000024a16521140]

GC Heap History (20 events):
Event: 33.540 GC heap after
{Heap after GC invocations=12 (full 0):
 garbage-first heap   total 77824K, used 30824K [0x0000000080000000, 0x0000000100000000)
  region size 1024K, 5 young (5120K), 5 survivors (5120K)
 Metaspace       used 46402K, committed 47680K, reserved 1114112K
  class space    used 6425K, committed 7040K, reserved 1048576K
}
Event: 36.625 GC heap before
{Heap before GC invocations=12 (full 0):
 garbage-first heap   total 77824K, used 68712K [0x0000000080000000, 0x0000000100000000)
  region size 1024K, 42 young (43008K), 5 survivors (5120K)
 Metaspace       used 51342K, committed 52672K, reserved 1114112K
  class space    used 7098K, committed 7744K, reserved 1048576K
}
Event: 36.638 GC heap after
{Heap after GC invocations=13 (full 0):
 garbage-first heap   total 78848K, used 35270K [0x0000000080000000, 0x0000000100000000)
  region size 1024K, 6 young (6144K), 6 survivors (6144K)
 Metaspace       used 51342K, committed 52672K, reserved 1114112K
  class space    used 7098K, committed 7744K, reserved 1048576K
}
Event: 37.884 GC heap before
{Heap before GC invocations=13 (full 0):
 garbage-first heap   total 78848K, used 69062K [0x0000000080000000, 0x0000000100000000)
  region size 1024K, 39 young (39936K), 6 survivors (6144K)
 Metaspace       used 54164K, committed 55552K, reserved 1114112K
  class space    used 7595K, committed 8256K, reserved 1048576K
}
Event: 37.896 GC heap after
{Heap after GC invocations=14 (full 0):
 garbage-first heap   total 78848K, used 38074K [0x0000000080000000, 0x0000000100000000)
  region size 1024K, 3 young (3072K), 3 survivors (3072K)
 Metaspace       used 54164K, committed 55552K, reserved 1114112K
  class space    used 7595K, committed 8256K, reserved 1048576K
}
Event: 38.836 GC heap before
{Heap before GC invocations=14 (full 0):
 garbage-first heap   total 78848K, used 69818K [0x0000000080000000, 0x0000000100000000)
  region size 1024K, 34 young (34816K), 3 survivors (3072K)
 Metaspace       used 55132K, committed 56448K, reserved 1114112K
  class space    used 7713K, committed 8320K, reserved 1048576K
}
Event: 38.846 GC heap after
{Heap after GC invocations=15 (full 0):
 garbage-first heap   total 78848K, used 39104K [0x0000000080000000, 0x0000000100000000)
  region size 1024K, 4 young (4096K), 4 survivors (4096K)
 Metaspace       used 55132K, committed 56448K, reserved 1114112K
  class space    used 7713K, committed 8320K, reserved 1048576K
}
Event: 41.013 GC heap before
{Heap before GC invocations=16 (full 0):
 garbage-first heap   total 78848K, used 70848K [0x0000000080000000, 0x0000000100000000)
  region size 1024K, 35 young (35840K), 4 survivors (4096K)
 Metaspace       used 58900K, committed 60352K, reserved 1114112K
  class space    used 8205K, committed 8896K, reserved 1048576K
}
Event: 41.021 GC heap after
{Heap after GC invocations=17 (full 0):
 garbage-first heap   total 78848K, used 42657K [0x0000000080000000, 0x0000000100000000)
  region size 1024K, 5 young (5120K), 5 survivors (5120K)
 Metaspace       used 58900K, committed 60352K, reserved 1114112K
  class space    used 8205K, committed 8896K, reserved 1048576K
}
Event: 42.455 GC heap before
{Heap before GC invocations=17 (full 0):
 garbage-first heap   total 78848K, used 70305K [0x0000000080000000, 0x0000000100000000)
  region size 1024K, 32 young (32768K), 5 survivors (5120K)
 Metaspace       used 61949K, committed 63552K, reserved 1114112K
  class space    used 8717K, committed 9472K, reserved 1048576K
}
Event: 42.464 GC heap after
{Heap after GC invocations=18 (full 0):
 garbage-first heap   total 78848K, used 43905K [0x0000000080000000, 0x0000000100000000)
  region size 1024K, 2 young (2048K), 2 survivors (2048K)
 Metaspace       used 61949K, committed 63552K, reserved 1114112K
  class space    used 8717K, committed 9472K, reserved 1048576K
}
Event: 43.999 GC heap before
{Heap before GC invocations=18 (full 0):
 garbage-first heap   total 78848K, used 69505K [0x0000000080000000, 0x0000000100000000)
  region size 1024K, 28 young (28672K), 2 survivors (2048K)
 Metaspace       used 63199K, committed 64704K, reserved 1114112K
  class space    used 8921K, committed 9664K, reserved 1048576K
}
Event: 44.010 GC heap after
{Heap after GC invocations=19 (full 0):
 garbage-first heap   total 79872K, used 50999K [0x0000000080000000, 0x0000000100000000)
  region size 1024K, 4 young (4096K), 4 survivors (4096K)
 Metaspace       used 63199K, committed 64704K, reserved 1114112K
  class space    used 8921K, committed 9664K, reserved 1048576K
}
Event: 44.388 GC heap before
{Heap before GC invocations=20 (full 0):
 garbage-first heap   total 86016K, used 68407K [0x0000000080000000, 0x0000000100000000)
  region size 1024K, 22 young (22528K), 4 survivors (4096K)
 Metaspace       used 63219K, committed 64704K, reserved 1114112K
  class space    used 8927K, committed 9664K, reserved 1048576K
}
Event: 44.404 GC heap after
{Heap after GC invocations=21 (full 0):
 garbage-first heap   total 86016K, used 56861K [0x0000000080000000, 0x0000000100000000)
  region size 1024K, 3 young (3072K), 3 survivors (3072K)
 Metaspace       used 63219K, committed 64704K, reserved 1114112K
  class space    used 8927K, committed 9664K, reserved 1048576K
}
Event: 44.580 GC heap before
{Heap before GC invocations=21 (full 0):
 garbage-first heap   total 86016K, used 73245K [0x0000000080000000, 0x0000000100000000)
  region size 1024K, 20 young (20480K), 3 survivors (3072K)
 Metaspace       used 63279K, committed 64768K, reserved 1114112K
  class space    used 8927K, committed 9664K, reserved 1048576K
}
Event: 44.604 GC heap after
{Heap after GC invocations=22 (full 0):
 garbage-first heap   total 86016K, used 62080K [0x0000000080000000, 0x0000000100000000)
  region size 1024K, 3 young (3072K), 3 survivors (3072K)
 Metaspace       used 63279K, committed 64768K, reserved 1114112K
  class space    used 8927K, committed 9664K, reserved 1048576K
}
Event: 44.999 GC heap before
{Heap before GC invocations=22 (full 0):
 garbage-first heap   total 86016K, used 74368K [0x0000000080000000, 0x0000000100000000)
  region size 1024K, 16 young (16384K), 3 survivors (3072K)
 Metaspace       used 63351K, committed 64896K, reserved 1114112K
  class space    used 8929K, committed 9664K, reserved 1048576K
}
Event: 45.009 GC heap after
{Heap after GC invocations=23 (full 0):
 garbage-first heap   total 86016K, used 65273K [0x0000000080000000, 0x0000000100000000)
  region size 1024K, 2 young (2048K), 2 survivors (2048K)
 Metaspace       used 63351K, committed 64896K, reserved 1114112K
  class space    used 8929K, committed 9664K, reserved 1048576K
}
Event: 46.971 GC heap before
{Heap before GC invocations=24 (full 0):
 garbage-first heap   total 109568K, used 78585K [0x0000000080000000, 0x0000000100000000)
  region size 1024K, 13 young (13312K), 2 survivors (2048K)
 Metaspace       used 63949K, committed 65472K, reserved 1114112K
  class space    used 9007K, committed 9728K, reserved 1048576K
}

Dll operation events (3 events):
Event: 0.052 Loaded shared library E:\android studio\jbr\bin\java.dll
Event: 0.079 Loaded shared library E:\android studio\jbr\bin\zip.dll
Event: 5.519 Loaded shared library E:\android studio\jbr\bin\verify.dll

Deoptimization events (20 events):
Event: 46.913 Thread 0x0000024a320271f0 Uncommon trap: trap_request=0xffffff45 fr.pc=0x0000024a1de7443c relative=0x000000000000067c
Event: 46.913 Thread 0x0000024a320271f0 Uncommon trap: reason=unstable_if action=reinterpret pc=0x0000024a1de7443c method=jdk.internal.org.objectweb.asm.Type.getArgumentsAndReturnSizes(Ljava/lang/String;)I @ 123 c2
Event: 46.913 Thread 0x0000024a320271f0 DEOPT PACKING pc=0x0000024a1de7443c sp=0x000000e58ddf8500
Event: 46.913 Thread 0x0000024a320271f0 DEOPT UNPACKING pc=0x0000024a1d5743a2 sp=0x000000e58ddf8480 mode 2
Event: 46.914 Thread 0x0000024a320271f0 Uncommon trap: trap_request=0xffffff45 fr.pc=0x0000024a1dd78f1c relative=0x000000000000083c
Event: 46.914 Thread 0x0000024a320271f0 Uncommon trap: reason=unstable_if action=reinterpret pc=0x0000024a1dd78f1c method=jdk.internal.org.objectweb.asm.Type.getArgumentsAndReturnSizes(Ljava/lang/String;)I @ 123 c2
Event: 46.914 Thread 0x0000024a320271f0 DEOPT PACKING pc=0x0000024a1dd78f1c sp=0x000000e58ddf83d0
Event: 46.914 Thread 0x0000024a320271f0 DEOPT UNPACKING pc=0x0000024a1d5743a2 sp=0x000000e58ddf82e8 mode 2
Event: 46.914 Thread 0x0000024a320271f0 Uncommon trap: trap_request=0xffffff45 fr.pc=0x0000024a1de76aac relative=0x0000000000000bcc
Event: 46.914 Thread 0x0000024a320271f0 Uncommon trap: reason=unstable_if action=reinterpret pc=0x0000024a1de76aac method=jdk.internal.org.objectweb.asm.Frame.push(Ljdk/internal/org/objectweb/asm/SymbolTable;Ljava/lang/String;)V @ 49 c2
Event: 46.914 Thread 0x0000024a320271f0 DEOPT PACKING pc=0x0000024a1de76aac sp=0x000000e58ddf83b0
Event: 46.914 Thread 0x0000024a320271f0 DEOPT UNPACKING pc=0x0000024a1d5743a2 sp=0x000000e58ddf8360 mode 2
Event: 46.915 Thread 0x0000024a320271f0 Uncommon trap: trap_request=0xffffff45 fr.pc=0x0000024a1de5e1e4 relative=0x00000000000004c4
Event: 46.915 Thread 0x0000024a320271f0 Uncommon trap: reason=unstable_if action=reinterpret pc=0x0000024a1de5e1e4 method=java.lang.invoke.InvokerBytecodeGenerator.loadInsnOpcode(Ljava/lang/invoke/LambdaForm$BasicType;)I @ 8 c2
Event: 46.915 Thread 0x0000024a320271f0 DEOPT PACKING pc=0x0000024a1de5e1e4 sp=0x000000e58ddf8540
Event: 46.915 Thread 0x0000024a320271f0 DEOPT UNPACKING pc=0x0000024a1d5743a2 sp=0x000000e58ddf8488 mode 2
Event: 46.919 Thread 0x0000024a320271f0 Uncommon trap: trap_request=0xffffff45 fr.pc=0x0000024a1de5ea54 relative=0x00000000000000b4
Event: 46.919 Thread 0x0000024a320271f0 Uncommon trap: reason=unstable_if action=reinterpret pc=0x0000024a1de5ea54 method=java.lang.invoke.InvokerBytecodeGenerator.loadInsnOpcode(Ljava/lang/invoke/LambdaForm$BasicType;)I @ 8 c2
Event: 46.919 Thread 0x0000024a320271f0 DEOPT PACKING pc=0x0000024a1de5ea54 sp=0x000000e58ddf8680
Event: 46.919 Thread 0x0000024a320271f0 DEOPT UNPACKING pc=0x0000024a1d5743a2 sp=0x000000e58ddf8620 mode 2

Classes loaded (20 events):
Event: 42.680 Loading class jdk/internal/reflect/Label$PatchInfo
Event: 42.680 Loading class jdk/internal/reflect/Label$PatchInfo done
Event: 42.681 Loading class jdk/internal/reflect/MethodAccessorGenerator$1
Event: 42.681 Loading class jdk/internal/reflect/MethodAccessorGenerator$1 done
Event: 42.681 Loading class jdk/internal/reflect/ClassDefiner
Event: 42.682 Loading class jdk/internal/reflect/ClassDefiner done
Event: 42.682 Loading class jdk/internal/reflect/ClassDefiner$1
Event: 42.682 Loading class jdk/internal/reflect/ClassDefiner$1 done
Event: 42.684 Loading class jdk/internal/reflect/SerializationConstructorAccessorImpl
Event: 42.684 Loading class jdk/internal/reflect/SerializationConstructorAccessorImpl done
Event: 45.295 Loading class java/util/stream/SortedOps$OfRef
Event: 45.296 Loading class java/util/stream/SortedOps$OfRef done
Event: 45.300 Loading class java/util/stream/SortedOps$SizedRefSortingSink
Event: 45.300 Loading class java/util/stream/SortedOps$AbstractRefSortingSink
Event: 45.300 Loading class java/util/stream/SortedOps$AbstractRefSortingSink done
Event: 45.300 Loading class java/util/stream/SortedOps$SizedRefSortingSink done
Event: 46.906 Loading class java/lang/ThreadDeath
Event: 46.906 Loading class java/lang/ThreadDeath done
Event: 46.907 Loading class sun/misc/SharedSecrets
Event: 46.907 Loading class sun/misc/SharedSecrets done

Classes unloaded (3 events):
Event: 44.062 Thread 0x0000024a2b378070 Unloading class 0x0000000100844948 '_BuildScript_$_run_closure1$_closure2'
Event: 44.062 Thread 0x0000024a2b378070 Unloading class 0x0000000100844528 '_BuildScript_$_run_closure1'
Event: 44.062 Thread 0x0000024a2b378070 Unloading class 0x0000000100844000 '_BuildScript_'

Classes redefined (0 events):
No events

Internal exceptions (20 events):
Event: 46.651 Thread 0x0000024a342b07c0 Exception <a 'sun/nio/fs/WindowsException'{0x00000000860500e0}> (0x00000000860500e0) 
thrown [s\src\hotspot\share\prims\jni.cpp, line 537]
Event: 46.662 Thread 0x0000024a342b07c0 Exception <a 'sun/nio/fs/WindowsException'{0x000000008605a338}> (0x000000008605a338) 
thrown [s\src\hotspot\share\prims\jni.cpp, line 537]
Event: 46.663 Thread 0x0000024a342b07c0 Exception <a 'sun/nio/fs/WindowsException'{0x000000008605abd0}> (0x000000008605abd0) 
thrown [s\src\hotspot\share\prims\jni.cpp, line 537]
Event: 46.666 Thread 0x0000024a342b07c0 Exception <a 'sun/nio/fs/WindowsException'{0x000000008605bc20}> (0x000000008605bc20) 
thrown [s\src\hotspot\share\prims\jni.cpp, line 537]
Event: 46.672 Thread 0x0000024a342b07c0 Exception <a 'sun/nio/fs/WindowsException'{0x000000008605c658}> (0x000000008605c658) 
thrown [s\src\hotspot\share\prims\jni.cpp, line 537]
Event: 46.673 Thread 0x0000024a342b07c0 Exception <a 'sun/nio/fs/WindowsException'{0x000000008605ce28}> (0x000000008605ce28) 
thrown [s\src\hotspot\share\prims\jni.cpp, line 537]
Event: 46.678 Thread 0x0000024a342b07c0 Exception <a 'sun/nio/fs/WindowsException'{0x000000008605d170}> (0x000000008605d170) 
thrown [s\src\hotspot\share\prims\jni.cpp, line 537]
Event: 46.812 Thread 0x0000024a320271f0 Exception <a 'sun/nio/fs/WindowsException'{0x00000000860b94d8}> (0x00000000860b94d8) 
thrown [s\src\hotspot\share\prims\jni.cpp, line 537]
Event: 46.813 Thread 0x0000024a320271f0 Exception <a 'java/lang/ClassNotFoundException'{0x00000000860bfa08}: ijJvmDebugger1_8ps2h8gu8smwdxion0asbq6a0BeanInfo> (0x00000000860bfa08) 
thrown [s\src\hotspot\share\classfile\systemDictionary.cpp, line 312]
Event: 46.814 Thread 0x0000024a320271f0 Exception <a 'sun/nio/fs/WindowsException'{0x00000000860c13b0}> (0x00000000860c13b0) 
thrown [s\src\hotspot\share\prims\jni.cpp, line 537]
Event: 46.815 Thread 0x0000024a320271f0 Exception <a 'java/lang/ClassNotFoundException'{0x00000000860c7690}: ijJvmDebugger1_8ps2h8gu8smwdxion0asbq6a0Customizer> (0x00000000860c7690) 
thrown [s\src\hotspot\share\classfile\systemDictionary.cpp, line 312]
Event: 46.907 Thread 0x0000024a320271f0 Exception <a 'java/lang/ClassNotFoundException'{0x0000000085f3a6b0}: sun/misc/SharedSecrets> (0x0000000085f3a6b0) 
thrown [s\src\hotspot\share\classfile\systemDictionary.cpp, line 312]
Event: 46.907 Thread 0x0000024a320271f0 Exception <a 'java/lang/ClassNotFoundException'{0x0000000085f3d9f8}: com/intellij/gradle/toolingExtension/impl/initScript/util/GradleLifecycleUtilBeanInfo> (0x0000000085f3d9f8) 
thrown [s\src\hotspot\share\classfile\systemDictionary.cpp, line 312]
Event: 46.908 Thread 0x0000024a320271f0 Exception <a 'java/lang/ClassNotFoundException'{0x0000000085f458b8}: com/intellij/gradle/toolingExtension/impl/initScript/util/GradleLifecycleUtilCustomizer> (0x0000000085f458b8) 
thrown [s\src\hotspot\share\classfile\systemDictionary.cpp, line 312]
Event: 46.912 Thread 0x0000024a320271f0 Exception <a 'java/lang/NoSuchMethodError'{0x0000000085f5a4f8}: 'long java.lang.invoke.DirectMethodHandle$Holder.invokeVirtual(java.lang.Object, java.lang.Object)'> (0x0000000085f5a4f8) 
thrown [s\src\hotspot\share\interpreter\linkResolver.cpp, line 784]
Event: 46.913 Thread 0x0000024a320271f0 Exception <a 'java/lang/NoSuchMethodError'{0x0000000085f5ea08}: 'float java.lang.invoke.DirectMethodHandle$Holder.invokeVirtual(java.lang.Object, java.lang.Object)'> (0x0000000085f5ea08) 
thrown [s\src\hotspot\share\interpreter\linkResolver.cpp, line 784]
Event: 46.913 Thread 0x0000024a320271f0 Exception <a 'java/lang/NoSuchMethodError'{0x0000000085f63230}: 'double java.lang.invoke.DirectMethodHandle$Holder.invokeVirtual(java.lang.Object, java.lang.Object)'> (0x0000000085f63230) 
thrown [s\src\hotspot\share\interpreter\linkResolver.cpp, line 784]
Event: 46.915 Thread 0x0000024a320271f0 Exception <a 'java/lang/NoSuchMethodError'{0x0000000085f682e8}: 'java.lang.Object java.lang.invoke.DirectMethodHandle$Holder.newInvokeSpecial(java.lang.Object, double)'> (0x0000000085f682e8) 
thrown [s\src\hotspot\share\interpreter\linkResolver.cpp, line 784]
Event: 46.918 Thread 0x0000024a320271f0 Exception <a 'java/lang/NoSuchMethodError'{0x0000000085f6fbd8}: 'double java.lang.invoke.DelegatingMethodHandle$Holder.reinvoke_L(java.lang.Object, java.lang.Object)'> (0x0000000085f6fbd8) 
thrown [s\src\hotspot\share\interpreter\linkResolver.cpp, line 784]
Event: 46.959 Thread 0x0000024a320271f0 Exception <a 'java/lang/NoSuchMethodError'{0x0000000085fcd3a0}: 'int java.lang.invoke.DirectMethodHandle$Holder.invokeSpecial(java.lang.Object, java.lang.Object, java.lang.Object, java.lang.Object, java.lang.Object)'> (0x0000000085fcd3a0) 
thrown [s\src\hotspot\share\interpreter\linkResolver.cpp, line 784]

ZGC Phase Switch (0 events):
No events

VM Operations (20 events):
Event: 44.010 Executing VM operation: G1CollectForAllocation (G1 Evacuation Pause) done
Event: 44.061 Executing VM operation: G1PauseRemark
Event: 44.082 Executing VM operation: G1PauseRemark done
Event: 44.104 Executing VM operation: G1PauseCleanup
Event: 44.104 Executing VM operation: G1PauseCleanup done
Event: 44.387 Executing VM operation: G1CollectForAllocation (G1 Evacuation Pause)
Event: 44.404 Executing VM operation: G1CollectForAllocation (G1 Evacuation Pause) done
Event: 44.571 Executing VM operation: G1CollectForAllocation (G1 Evacuation Pause)
Event: 44.604 Executing VM operation: G1CollectForAllocation (G1 Evacuation Pause) done
Event: 44.998 Executing VM operation: G1CollectForAllocation (G1 Evacuation Pause)
Event: 45.009 Executing VM operation: G1CollectForAllocation (G1 Evacuation Pause) done
Event: 45.092 Executing VM operation: G1PauseRemark
Event: 45.103 Executing VM operation: G1PauseRemark done
Event: 45.134 Executing VM operation: G1PauseCleanup
Event: 45.135 Executing VM operation: G1PauseCleanup done
Event: 45.762 Executing VM operation: HandshakeAllThreads (Deoptimize)
Event: 45.762 Executing VM operation: HandshakeAllThreads (Deoptimize) done
Event: 46.528 Executing VM operation: ICBufferFull
Event: 46.529 Executing VM operation: ICBufferFull done
Event: 46.971 Executing VM operation: G1CollectForAllocation (G1 Evacuation Pause)

Memory protections (0 events):
No events

Nmethod flushes (20 events):
Event: 45.099 Thread 0x0000024a2b378070 flushing  nmethod 0x0000024a1dd99190
Event: 45.099 Thread 0x0000024a2b378070 flushing  nmethod 0x0000024a16133b90
Event: 45.099 Thread 0x0000024a2b378070 flushing  nmethod 0x0000024a16136190
Event: 45.099 Thread 0x0000024a2b378070 flushing  nmethod 0x0000024a1616c790
Event: 45.099 Thread 0x0000024a2b378070 flushing  nmethod 0x0000024a161e5390
Event: 45.099 Thread 0x0000024a2b378070 flushing  nmethod 0x0000024a16235510
Event: 45.099 Thread 0x0000024a2b378070 flushing  nmethod 0x0000024a1631e190
Event: 45.099 Thread 0x0000024a2b378070 flushing  nmethod 0x0000024a163a4810
Event: 45.099 Thread 0x0000024a2b378070 flushing  nmethod 0x0000024a16516a10
Event: 45.099 Thread 0x0000024a2b378070 flushing  nmethod 0x0000024a165cdd10
Event: 45.099 Thread 0x0000024a2b378070 flushing  nmethod 0x0000024a16678510
Event: 45.099 Thread 0x0000024a2b378070 flushing  nmethod 0x0000024a166f4610
Event: 45.099 Thread 0x0000024a2b378070 flushing  nmethod 0x0000024a16a99b90
Event: 45.099 Thread 0x0000024a2b378070 flushing  nmethod 0x0000024a16a9ac10
Event: 45.099 Thread 0x0000024a2b378070 flushing  nmethod 0x0000024a16ae2e10
Event: 45.099 Thread 0x0000024a2b378070 flushing  nmethod 0x0000024a16bac290
Event: 45.099 Thread 0x0000024a2b378070 flushing  nmethod 0x0000024a16bac790
Event: 45.099 Thread 0x0000024a2b378070 flushing  nmethod 0x0000024a16c31190
Event: 45.099 Thread 0x0000024a2b378070 flushing  nmethod 0x0000024a16c31a10
Event: 45.099 Thread 0x0000024a2b378070 flushing  nmethod 0x0000024a16c32510

Events (20 events):
Event: 42.917 Thread 0x0000024a320271f0 Thread added: 0x0000024a34475500
Event: 42.927 Thread 0x0000024a320271f0 Thread added: 0x0000024a34476220
Event: 42.931 Thread 0x0000024a320271f0 Thread added: 0x0000024a344747e0
Event: 42.936 Thread 0x0000024a320271f0 Thread added: 0x0000024a34475b90
Event: 42.942 Thread 0x0000024a320271f0 Thread added: 0x0000024a34474e70
Event: 42.948 Thread 0x0000024a320271f0 Thread added: 0x0000024a34474150
Event: 42.956 Thread 0x0000024a320271f0 Thread added: 0x0000024a344775d0
Event: 42.965 Thread 0x0000024a320271f0 Thread added: 0x0000024a344768b0
Event: 42.973 Thread 0x0000024a320271f0 Thread added: 0x0000024a34476f40
Event: 43.383 Thread 0x0000024a320271f0 Thread added: 0x0000024a34478980
Event: 43.385 Thread 0x0000024a320271f0 Thread added: 0x0000024a3447a3c0
Event: 43.387 Thread 0x0000024a320271f0 Thread added: 0x0000024a344782f0
Event: 43.389 Thread 0x0000024a320271f0 Thread added: 0x0000024a34479010
Event: 43.391 Thread 0x0000024a320271f0 Thread added: 0x0000024a344796a0
Event: 43.393 Thread 0x0000024a320271f0 Thread added: 0x0000024a34479d30
Event: 43.395 Thread 0x0000024a320271f0 Thread added: 0x0000024a3447aa50
Event: 43.398 Thread 0x0000024a320271f0 Thread added: 0x0000024a3447b0e0
Event: 43.401 Thread 0x0000024a320271f0 Thread added: 0x0000024a34477c60
Event: 43.404 Thread 0x0000024a320271f0 Thread added: 0x0000024a3447b770
Event: 46.555 Thread 0x0000024a320271f0 Thread added: 0x0000024a342b07c0


Dynamic libraries:
0x00007ff7ae5f0000 - 0x00007ff7ae5fa000 	E:\android studio\jbr\bin\java.exe
0x00007ff9e65c0000 - 0x00007ff9e6827000 	C:\Windows\SYSTEM32\ntdll.dll
0x00007ff9e5bc0000 - 0x00007ff9e5c89000 	C:\Windows\System32\KERNEL32.DLL
0x00007ff9e3170000 - 0x00007ff9e3564000 	C:\Windows\System32\KERNELBASE.dll
0x00007ff9e3850000 - 0x00007ff9e399b000 	C:\Windows\System32\ucrtbase.dll
0x00007ff993050000 - 0x00007ff99306b000 	E:\android studio\jbr\bin\VCRUNTIME140.dll
0x00007ff9dd3b0000 - 0x00007ff9dd3c8000 	E:\android studio\jbr\bin\jli.dll
0x00007ff9e59d0000 - 0x00007ff9e5b95000 	C:\Windows\System32\USER32.dll
0x00007ff9e2fc0000 - 0x00007ff9e2fe7000 	C:\Windows\System32\win32u.dll
0x00007ff9e6550000 - 0x00007ff9e657b000 	C:\Windows\System32\GDI32.dll
0x00007ff9e2e90000 - 0x00007ff9e2fbb000 	C:\Windows\System32\gdi32full.dll
0x00007ff9ca110000 - 0x00007ff9ca3a3000 	C:\Windows\WinSxS\amd64_microsoft.windows.common-controls_6595b64144ccf1df_6.0.26100.8115_none_3e075c82e3354f9c\COMCTL32.dll
0x00007ff9e3a30000 - 0x00007ff9e3ad3000 	C:\Windows\System32\msvcp_win.dll
0x00007ff9e5c90000 - 0x00007ff9e5d39000 	C:\Windows\System32\msvcrt.dll
0x00007ff9e5dd0000 - 0x00007ff9e5e02000 	C:\Windows\System32\IMM32.DLL
0x00007ff9b1620000 - 0x00007ff9b162c000 	E:\android studio\jbr\bin\vcruntime140_1.dll
0x00007ff9d02a0000 - 0x00007ff9d032d000 	E:\android studio\jbr\bin\msvcp140.dll
0x00007ff8e1840000 - 0x00007ff8e24d6000 	E:\android studio\jbr\bin\server\jvm.dll
0x00007ff9e48a0000 - 0x00007ff9e4956000 	C:\Windows\System32\ADVAPI32.dll
0x00007ff9e5f10000 - 0x00007ff9e5fb7000 	C:\Windows\System32\sechost.dll
0x00007ff9e6180000 - 0x00007ff9e6298000 	C:\Windows\System32\RPCRT4.dll
0x00007ff9e5e10000 - 0x00007ff9e5e90000 	C:\Windows\System32\WS2_32.dll
0x00007ff9e2c40000 - 0x00007ff9e2c9e000 	C:\Windows\SYSTEM32\POWRPROF.dll
0x00007ff9d9210000 - 0x00007ff9d9246000 	C:\Windows\SYSTEM32\WINMM.dll
0x00007ff9da110000 - 0x00007ff9da11b000 	C:\Windows\SYSTEM32\VERSION.dll
0x00007ff9e2c20000 - 0x00007ff9e2c34000 	C:\Windows\SYSTEM32\UMPDC.dll
0x00007ff9e1c90000 - 0x00007ff9e1cab000 	C:\Windows\SYSTEM32\kernel.appcore.dll
0x00007ff9ac020000 - 0x00007ff9ac02a000 	E:\android studio\jbr\bin\jimage.dll
0x00007ff9d93f0000 - 0x00007ff9d9632000 	C:\Windows\SYSTEM32\DBGHELP.DLL
0x00007ff9e4a60000 - 0x00007ff9e4de2000 	C:\Windows\System32\combase.dll
0x00007ff9e5170000 - 0x00007ff9e5248000 	C:\Windows\System32\OLEAUT32.dll
0x00007ff9b7f70000 - 0x00007ff9b7fab000 	C:\Windows\SYSTEM32\dbgcore.DLL
0x00007ff9e3630000 - 0x00007ff9e36d5000 	C:\Windows\System32\bcryptPrimitives.dll
0x00007ff9e0430000 - 0x00007ff9e043e000 	E:\android studio\jbr\bin\instrument.dll
0x00007ff992f60000 - 0x00007ff992f80000 	E:\android studio\jbr\bin\java.dll
0x00007ff992790000 - 0x00007ff9927a8000 	E:\android studio\jbr\bin\zip.dll
0x00007ff9e5260000 - 0x00007ff9e59c7000 	C:\Windows\System32\SHELL32.dll
0x00007ff9e36e0000 - 0x00007ff9e384a000 	C:\Windows\System32\wintypes.dll
0x00007ff9e3ae0000 - 0x00007ff9e4348000 	C:\Windows\System32\windows.storage.dll
0x00007ff9e4e00000 - 0x00007ff9e4ef8000 	C:\Windows\System32\SHCORE.dll
0x00007ff9e5ea0000 - 0x00007ff9e5f06000 	C:\Windows\System32\shlwapi.dll
0x00007ff9e2db0000 - 0x00007ff9e2dd9000 	C:\Windows\SYSTEM32\profapi.dll
0x00007ff9a2cf0000 - 0x00007ff9a2d00000 	E:\android studio\jbr\bin\net.dll
0x00007ff9db970000 - 0x00007ff9dba9d000 	C:\Windows\SYSTEM32\WINHTTP.dll
0x00007ff9e2200000 - 0x00007ff9e226c000 	C:\Windows\system32\mswsock.dll
0x00007ff973310000 - 0x00007ff973326000 	E:\android studio\jbr\bin\nio.dll
0x00007ff9bc7a0000 - 0x00007ff9bc7b0000 	E:\android studio\jbr\bin\verify.dll
0x00007ff9d0220000 - 0x00007ff9d0247000 	C:\Users\RohiT\.gradle\native\660c5614fbf4a5f2a75b1949f50a0caf5cd603558e7d8a26e50b933a0cfb79d1\windows-amd64\native-platform.dll
0x00007ff9cfa20000 - 0x00007ff9cfa97000 	C:\Users\RohiT\.gradle\native\0.2.8\x86_64-windows-gnu\gradle-fileevents.dll
0x00007ff99e050000 - 0x00007ff99e059000 	E:\android studio\jbr\bin\management.dll
0x00007ff99dfe0000 - 0x00007ff99dfeb000 	E:\android studio\jbr\bin\management_ext.dll
0x00007ff9e4df0000 - 0x00007ff9e4df8000 	C:\Windows\System32\PSAPI.DLL
0x00007ff9e15d0000 - 0x00007ff9e1602000 	C:\Windows\SYSTEM32\IPHLPAPI.DLL
0x00007ff9e4f00000 - 0x00007ff9e4f0a000 	C:\Windows\System32\NSI.dll
0x00007ff99fab0000 - 0x00007ff99fab9000 	E:\android studio\jbr\bin\extnet.dll
0x00007ff9e24e0000 - 0x00007ff9e24fb000 	C:\Windows\SYSTEM32\CRYPTSP.dll
0x00007ff9e1bf0000 - 0x00007ff9e1c29000 	C:\Windows\system32\rsaenh.dll
0x00007ff9e22b0000 - 0x00007ff9e22e3000 	C:\Windows\SYSTEM32\USERENV.dll
0x00007ff9e2d80000 - 0x00007ff9e2daa000 	C:\Windows\SYSTEM32\bcrypt.dll
0x00007ff9e2500000 - 0x00007ff9e250c000 	C:\Windows\SYSTEM32\CRYPTBASE.dll
0x00007ff93f660000 - 0x00007ff93f668000 	C:\Windows\system32\wshunix.dll

JVMTI agents:
C:\Users\RohiT\.gradle\wrapper\dists\gradle-9.2.1-bin\2t0n5ozlw9xmuyvbp7dnzaxug\gradle-9.2.1\lib\agents\gradle-instrumentation-agent-9.2.1.jar path:E:\android studio\jbr\bin\instrument.dll, loaded, initialized, instrumentlib options:none

dbghelp: loaded successfully - version: 4.0.5 - missing functions: none
symbol engine: initialized successfully - sym options: 0x614 - pdb path: .;E:\android studio\jbr\bin;C:\Windows\SYSTEM32;C:\Windows\WinSxS\amd64_microsoft.windows.common-controls_6595b64144ccf1df_6.0.26100.8115_none_3e075c82e3354f9c;E:\android studio\jbr\bin\server;C:\Users\RohiT\.gradle\native\660c5614fbf4a5f2a75b1949f50a0caf5cd603558e7d8a26e50b933a0cfb79d1\windows-amd64;C:\Users\RohiT\.gradle\native\0.2.8\x86_64-windows-gnu

VM Arguments:
jvm_args: --add-opens=java.base/java.lang=ALL-UNNAMED --add-opens=java.base/java.lang.invoke=ALL-UNNAMED --add-opens=java.base/java.util=ALL-UNNAMED --add-opens=java.prefs/java.util.prefs=ALL-UNNAMED --add-exports=jdk.compiler/com.sun.tools.javac.api=ALL-UNNAMED --add-exports=jdk.compiler/com.sun.tools.javac.util=ALL-UNNAMED --add-opens=java.base/java.util=ALL-UNNAMED --add-opens=java.prefs/java.util.prefs=ALL-UNNAMED --add-opens=java.base/java.nio.charset=ALL-UNNAMED --add-opens=java.base/java.net=ALL-UNNAMED --add-opens=java.base/java.util.concurrent=ALL-UNNAMED --add-opens=java.base/java.util.concurrent.atomic=ALL-UNNAMED --add-opens=java.xml/javax.xml.namespace=ALL-UNNAMED --add-opens=java.base/java.time=ALL-UNNAMED -Xmx2048m -Dfile.encoding=UTF-8 -Duser.country=IN -Duser.language=en -Duser.variant -javaagent:C:\Users\RohiT\.gradle\wrapper\dists\gradle-9.2.1-bin\2t0n5ozlw9xmuyvbp7dnzaxug\gradle-9.2.1\lib\agents\gradle-instrumentation-agent-9.2.1.jar 
java_command: org.gradle.launcher.daemon.bootstrap.GradleDaemon 9.2.1
java_class_path (initial): C:\Users\RohiT\.gradle\wrapper\dists\gradle-9.2.1-bin\2t0n5ozlw9xmuyvbp7dnzaxug\gradle-9.2.1\lib\gradle-daemon-main-9.2.1.jar
Launcher Type: SUN_STANDARD

[Global flags]
     intx CICompilerCount                          = 12                                        {product} {ergonomic}
     uint ConcGCThreads                            = 3                                         {product} {ergonomic}
     uint G1ConcRefinementThreads                  = 13                                        {product} {ergonomic}
   size_t G1HeapRegionSize                         = 1048576                                   {product} {ergonomic}
    uintx GCDrainStackTargetSize                   = 64                                        {product} {ergonomic}
   size_t InitialHeapSize                          = 125829120                                 {product} {ergonomic}
   size_t MarkStackSize                            = 4194304                                   {product} {ergonomic}
   size_t MaxHeapSize                              = 2147483648                                {product} {command line}
   size_t MaxNewSize                               = 1287651328                                {product} {ergonomic}
   size_t MinHeapDeltaBytes                        = 1048576                                   {product} {ergonomic}
   size_t MinHeapSize                              = 8388608                                   {product} {ergonomic}
    uintx NonNMethodCodeHeapSize                   = 7602480                                {pd product} {ergonomic}
    uintx NonProfiledCodeHeapSize                  = 122027880                              {pd product} {ergonomic}
    uintx ProfiledCodeHeapSize                     = 122027880                              {pd product} {ergonomic}
    uintx ReservedCodeCacheSize                    = 251658240                              {pd product} {ergonomic}
     bool SegmentedCodeCache                       = true                                      {product} {ergonomic}
   size_t SoftMaxHeapSize                          = 2147483648                             {manageable} {ergonomic}
     bool UseCompressedOops                        = true                           {product lp64_product} {ergonomic}
     bool UseG1GC                                  = true                                      {product} {ergonomic}
     bool UseLargePagesIndividualAllocation        = false                                  {pd product} {ergonomic}

Logging:
Log output configuration:
 #0: stdout all=warning uptime,level,tags foldmultilines=false
 #1: stderr all=off uptime,level,tags foldmultilines=false

Release file:
JAVA_VERSION="21.0.9" 
MODULES="java.base java.compiler java.datatransfer java.xml java.prefs java.desktop java.instrument java.logging java.management java.security.sasl java.naming java.rmi java.management.rmi java.net.http java.scripting java.security.jgss java.transaction.xa java.sql java.sql.rowset java.xml.crypto java.se java.smartcardio jdk.accessibility jdk.internal.jvmstat jdk.attach jdk.charsets jdk.internal.opt jdk.zipfs jdk.compiler jdk.crypto.ec jdk.crypto.cryptoki jdk.dynalink jdk.hotspot.agent jdk.httpserver jdk.internal.ed jdk.internal.le jdk.internal.vm.ci jdk.jartool jdk.javadoc jdk.jcmd jdk.jdeps jdk.jdwp.agent jdk.jdi jdk.jfr jdk.jlink jdk.jsobject jdk.localedata jdk.management jdk.management.agent jdk.management.jfr jdk.naming.dns jdk.naming.rmi jdk.net jdk.sctp jdk.security.auth jdk.security.jgss jdk.unsupported jdk.unsupported.desktop jdk.xml.dom" 
IMPLEMENTOR="JetBrains s.r.o." 
JAVA_RUNTIME_VERSION="21.0.9+-14649483-b1163.86" 
LIBC="default" 
OS_ARCH="x86_64" 
OS_NAME="Windows" 
SOURCE=".:git:554d0c326095" 

Environment Variables:
JAVA_HOME=C:\Program Files\Eclipse Adoptium\jdk-25.0.2.10-hotspot\
PATH=C:\Program Files\Eclipse Adoptium\jdk-25.0.2.10-hotspot\bin;C:\Windows\system32;C:\Windows;C:\Windows\System32\Wbem;C:\Windows\System32\WindowsPowerShell\v1.0\;C:\Windows\System32\OpenSSH\;C:\Program Files (x86)\NVIDIA Corporation\PhysX\Common;C:\Program Files\NVIDIA Corporation\NVIDIA NvDLISR;C:\Windows\system32;C:\Windows;C:\Windows\System32\Wbem;C:\Windows\System32\WindowsPowerShell\v1.0\;C:\Windows\System32\OpenSSH\;C:\Program Files\dotnet\;C:\ProgramData\chocolatey\bin;C:\Program Files\nodejs\;C:\Program Files\GitHub CLI\;C:\Program Files\cursor\resources\app\bin;C:\Program Files\Git\cmd;C:\Program Files\Docker\Docker\resources\bin;C:\Users\RohiT\AppData\Local\Programs\Python\Python311\Scripts\;C:\Users\RohiT\AppData\Local\Programs\Python\Python311\;C:\Users\RohiT\AppData\Local\Programs\Python\Python313\Scripts\;C:\Users\RohiT\AppData\Local\Programs\Python\Python313\;C:\Users\RohiT\AppData\Local\Microsoft\WindowsApps;C:\Users\RohiT\AppData\Local\Programs\Microsoft VS Code\bin;C:\Users\RohiT\AppData\Roaming\npm;C:\Users\RohiT\AppData\Local\GitHubDesktop\bin;C:\Program Files\Git\cmd;C:\Users\RohiT\AppData\Local\Programs\Windsurf\bin;C:\Users\RohiT\AppData\Local\Programs\Antigravity\bin;C:\Users\RohiT\.dotnet\tools
USERNAME=RohiT
OS=Windows_NT
PROCESSOR_IDENTIFIER=AMD64 Family 23 Model 96 Stepping 1, AuthenticAMD
TMP=C:\Users\RohiT\AppData\Local\Temp
TEMP=C:\Users\RohiT\AppData\Local\Temp




Periodic native trim disabled

JNI global refs:
JNI global refs: 34, weak refs: 13

JNI global refs memory usage: 835, weak refs: 833

Process memory usage:
Resident Set Size: 223900K (2% of 7779928K total physical memory with 163484K free physical memory)

OOME stack traces (most recent first):
Classloader memory used:
Loader org.gradle.internal.classloader.VisitableURLClassLoader                         : 34776K
Loader bootstrap                                                                       : 21883K
Loader org.gradle.initialization.MixInLegacyTypesClassLoader                           : 6540K
Loader jdk.internal.loader.ClassLoaders$PlatformClassLoader                            : 435K
Loader jdk.internal.loader.ClassLoaders$AppClassLoader                                 : 231K
Loader org.gradle.groovy.scripts.internal.DefaultScriptCompilationHandler$ScriptClassLoader: 46728B
Loader groovy.lang.GroovyClassLoader$InnerLoader                                       : 19264B
Loader jdk.internal.reflect.DelegatingClassLoader                                      : 10608B
Loader org.gradle.internal.classloader.VisitableURLClassLoader$InstrumentingVisitableURLClassLoader: 7136B

Classes loaded by more than one classloader:
Class org.gradle.internal.classloader.FilteringClassLoader                            : loaded 2 times (x 105B)
Class org.gradle.internal.classloader.ClassLoaderHierarchy                            : loaded 2 times (x 70B)
Class org.gradle.api.internal.classpath.ManifestUtil                                  : loaded 2 times (x 71B)
Class org.gradle.internal.classloader.DefaultClassLoaderFactory                       : loaded 2 times (x 82B)
Class org.gradle.internal.classloader.ClassLoaderVisitor                              : loaded 2 times (x 76B)
Class org.gradle.api.internal.classpath.EffectiveClassPath                            : loaded 2 times (x 90B)
Class org.gradle.api.internal.DefaultClassPathProvider                                : loaded 2 times (x 76B)
Class [Lorg.gradle.api.internal.ClassPathProvider;                                    : loaded 2 times (x 69B)
Class org.gradle.api.internal.ClassPathProvider                                       : loaded 2 times (x 70B)
Class org.gradle.internal.service.UnknownServiceException                             : loaded 2 times (x 83B)
Class org.gradle.internal.classpath.TransformedClassPath                              : loaded 2 times (x 96B)
Class org.gradle.internal.classloader.InstrumentingClassLoader                        : loaded 2 times (x 70B)
Class org.gradle.internal.service.ServiceLocator                                      : loaded 2 times (x 70B)
Class ijJvmDebugger1_8ps2h8gu8smwdxion0asbq6a0$_run_closure1$_closure2                : loaded 2 times (x 140B)
Class org.gradle.internal.classloader.ClasspathUtil$1                                 : loaded 2 times (x 76B)
Class org.gradle.api.internal.classpath.DefaultModuleRegistry$DefaultModule           : loaded 2 times (x 86B)
Class org.gradle.api.internal.classpath.Module                                        : loaded 2 times (x 70B)
Class org.gradle.api.internal.classpath.UnknownModuleException                        : loaded 2 times (x 82B)
Class org.gradle.api.internal.DefaultClassPathRegistry                                : loaded 2 times (x 76B)
Class org.gradle.api.internal.ClassPathRegistry                                       : loaded 2 times (x 70B)
Class org.gradle.internal.classpath.DefaultClassPath$ImmutableUniqueList              : loaded 2 times (x 199B)
Class ijJvmDebugger1_8ps2h8gu8smwdxion0asbq6a0$_run_closure1                          : loaded 2 times (x 139B)
Class org.gradle.internal.classpath.ClassPath                                         : loaded 2 times (x 70B)
Class org.gradle.api.internal.classpath.ModuleRegistry                                : loaded 2 times (x 70B)
Class org.gradle.internal.installation.GradleInstallation$1                           : loaded 2 times (x 75B)
Class org.gradle.api.internal.classpath.DefaultModuleRegistry                         : loaded 2 times (x 86B)
Class org.gradle.internal.service.ServiceLookupException                              : loaded 2 times (x 82B)
Class org.gradle.internal.classloader.ClassLoaderFactory                              : loaded 2 times (x 70B)
Class org.gradle.internal.service.CachingServiceLocator                               : loaded 2 times (x 82B)
Class org.gradle.internal.classloader.ClasspathUtil                                   : loaded 2 times (x 71B)
Class org.gradle.api.specs.Spec                                                       : loaded 2 times (x 70B)
Class org.gradle.internal.classloader.VisitableURLClassLoader$InstrumentingVisitableURLClassLoader: loaded 2 times (x 123B)
Class org.gradle.internal.classloader.VisitableURLClassLoader$Spec                    : loaded 2 times (x 74B)
Class org.gradle.internal.classpath.DefaultClassPath                                  : loaded 2 times (x 90B)
Class org.gradle.internal.classloader.ClassLoaderSpec                                 : loaded 2 times (x 71B)
Class org.gradle.internal.classloader.VisitableURLClassLoader                         : loaded 2 times (x 117B)
Class org.gradle.internal.Cast                                                        : loaded 2 times (x 71B)
Class org.gradle.api.Action                                                           : loaded 2 times (x 70B)
Class org.gradle.internal.classpath.DefaultClassPath$ImmutableUniqueList$Builder      : loaded 2 times (x 75B)
Class ijJvmDebugger1_8ps2h8gu8smwdxion0asbq6a0                                        : loaded 2 times (x 171B)
Class org.gradle.api.GradleException                                                  : loaded 2 times (x 82B)
Class org.gradle.internal.IoActions                                                   : loaded 2 times (x 71B)
Class org.gradle.internal.classloader.SystemClassLoaderSpec                           : loaded 2 times (x 71B)
Class org.gradle.api.internal.classpath.GlobalCacheRootsProvider                      : loaded 2 times (x 70B)
Class org.gradle.internal.installation.CurrentGradleInstallationLocator               : loaded 2 times (x 71B)
Class org.gradle.internal.service.DefaultServiceLocator                               : loaded 2 times (x 83B)
Class org.gradle.internal.installation.CurrentGradleInstallation                      : loaded 2 times (x 73B)
Class org.gradle.util.internal.GUtil                                                  : loaded 2 times (x 71B)
Class org.gradle.internal.installation.GradleInstallation                             : loaded 2 times (x 75B)

---------------  S Y S T E M  ---------------

OS:
 Windows 11 , 64 bit Build 26100 (10.0.26100.8246)
OS uptime: 0 days 11:08 hours
Hyper-V role detected

CPU: total 16 (initial active 16) (16 cores per cpu, 2 threads per core) family 23 model 96 stepping 1 microcode 0x8600106, cx8, cmov, fxsr, ht, mmx, 3dnowpref, sse, sse2, sse3, ssse3, sse4a, sse4.1, sse4.2, popcnt, lzcnt, tsc, tscinvbit, avx, avx2, aes, clmul, bmi1, bmi2, adx, sha, fma, vzeroupper, clflush, clflushopt, hv, rdtscp, rdpid, f16c
Processor Information for the first 16 processors :
  Max Mhz: 2901, Current Mhz: 2327, Mhz Limit: 2901

Memory: 4k page, system-wide physical 7597M (168M free)
TotalPageFile size 23981M (AvailPageFile size 26M)
current process WorkingSet (physical memory assigned to process): 219M, peak: 238M
current process commit charge ("private bytes"): 357M, peak: 400M

vm_info: OpenJDK 64-Bit Server VM (21.0.9+-14649483-b1163.86) for windows-amd64 JRE (21.0.9+-14649483-b1163.86), built on 2025-12-30T22:08:35Z by "builder" with MS VC++ 16.10 / 16.11 (VS2019)

END.
